<?xml version="1.0" encoding="UTF-8"?>
<!-- Generated by org.testng.reporters.JUnitReportReporter -->
<testsuite hostname="LAPTOP-8D0MBPQA" failures="0" tests="2" name="tests.LoginTest" time="15.383" errors="0" timestamp="05 Apr 2024 15:30:44 GMT" skipped="0">
  <testcase classname="tests.LoginTest" name="login" time="8.784"/>
  <testcase classname="tests.LoginTest" name="login" time="6.599"/>
</testsuite> <!-- tests.LoginTest -->
