<?xml version="1.0" encoding="UTF-8"?>
<!-- Generated by org.testng.reporters.JUnitReportReporter -->
<testsuite hostname="LAPTOP-8D0MBPQA" failures="0" tests="1" name="runner.Runner" time="6.783" errors="0" timestamp="06 Apr 2024 03:08:59 GMT" skipped="0">
  <testcase classname="runner.Runner" name="runScenario" time="6.783"/>
</testsuite> <!-- runner.Runner -->
