<?xml version="1.0" encoding="UTF-8"?>
<!-- Generated by org.testng.reporters.JUnitReportReporter -->
<testsuite hostname="LAPTOP-8D0MBPQA" failures="0" tests="1" name="tests.TwoTest" time="4.898" errors="0" timestamp="05 Apr 2024 15:30:44 GMT" skipped="0">
  <testcase classname="tests.TwoTest" name="twoTest" time="4.898"/>
</testsuite> <!-- tests.TwoTest -->
