<?xml version="1.0" encoding="UTF-8"?>
<!-- Generated by org.testng.reporters.JUnitReportReporter -->
<testsuite hostname="LAPTOP-8D0MBPQA" failures="0" tests="1" name="runner.Runner" time="5.407" errors="0" timestamp="2024-04-06T08:42:52 IST" skipped="0">
  <testcase classname="runner.Runner" name="runScenario" time="5.407"/>
</testsuite> <!-- runner.Runner -->
