<?xml version="1.0" encoding="UTF-8"?>
<!-- Generated by org.testng.reporters.JUnitReportReporter -->
<testsuite hostname="LAPTOP-8D0MBPQA" failures="0" tests="2" name="tests.LoginTest" time="19.453" errors="0" timestamp="2024-03-31T15:32:00 IST" skipped="0">
  <testcase classname="tests.LoginTest" name="login" time="5.593"/>
  <testcase classname="tests.LoginTest" name="login" time="13.860"/>
</testsuite> <!-- tests.LoginTest -->
